[Thu Apr 23 16:09:16 2026] Application started
[Thu Apr 23 20:08:48 2026] Application started
[Thu Apr 23 20:09:11 2026] User registered: irfan
[Thu Apr 23 20:09:27 2026] User registered: noor
[Thu Apr 23 20:09:34 2026] User logged in: irfan
[Thu Apr 23 20:09:47 2026] Message sent in private chat
[Thu Apr 23 20:09:53 2026] User logged out
[Thu Apr 23 20:09:58 2026] User logged in: noor
[Thu Apr 23 20:10:25 2026] Message sent in private chat
[Thu Apr 23 20:11:18 2026] Message sent in private chat
[Thu Apr 23 20:11:21 2026] User logged out
[Thu Apr 23 20:11:28 2026] User logged in: irfan
[Thu Apr 23 20:12:04 2026] Message sent in private chat
[Thu Apr 23 20:55:02 2026] Application started
[Thu Apr 23 20:55:17 2026] User logged in: irfan
[Thu Apr 23 20:56:20 2026] Application started
[Thu Apr 23 20:56:56 2026] User registered: sadik
[Thu Apr 23 20:57:09 2026] User logged in: sadik
[Thu Apr 23 20:57:19 2026] User logged out
[Thu Apr 23 20:57:30 2026] User registered: mawa
[Thu Apr 23 20:57:52 2026] User registered: jannat
[Thu Apr 23 20:58:21 2026] User logged in: mawa
[Thu Apr 23 20:58:37 2026] Message sent in private chat
[Thu Apr 23 20:58:51 2026] User logged out
[Thu Apr 23 20:59:02 2026] User logged in: noor
[Thu Apr 23 20:59:22 2026] Message sent in private chat
[Thu Apr 23 21:02:15 2026] Application started
[Thu Apr 23 21:02:33 2026] User logged in: irfan
[Thu Apr 23 21:05:02 2026] Application started
[Thu Apr 23 21:05:11 2026] User logged in: irfan
[Thu Apr 23 21:05:25 2026] Message sent in private chat
[Thu Apr 23 21:06:02 2026] User logged out
[Thu Apr 23 21:06:14 2026] User logged in: noor
